<?xml version="1.0" encoding="UTF-8"?>
<!-- Generated by org.testng.reporters.JUnitXMLReporter -->
<testsuite hostname="ind126.local" ignored="0" name="Test" tests="2" failures="2" timestamp="28 Apr 2018 12:23:01 GMT" time="197.328" errors="0">
  <testcase name="feature" time="169.151" classname="cucumber.api.testng.AbstractTestNGCucumberTests">
    <failure type="cucumber.runtime.CucumberException" message="org.openqa.selenium.NoSuchElementException: Can&amp;apos;t locate an element by this strategy: Locator map: 
- native content: &amp;quot;By.xpath: (//XCUIElementTypeOther[@name=&amp;quot;TabBarItem_AccessibilityLabel&amp;quot;])[4]&amp;quot; 
- html content: &amp;quot;by id or name &amp;quot;profile&amp;quot;&amp;quot;
For documentation on this error, please visit: http://seleniumhq.org/exceptions/no_such_element.html
Build info: version: &amp;apos;2.53.0&amp;apos;, revision: &amp;apos;35ae25b1534ae328c771e0856c93e187490ca824&amp;apos;, time: &amp;apos;2016-03-15 10:43:46&amp;apos;
System info: host: &amp;apos;ind126.local&amp;apos;, ip: &amp;apos;10.2.6.73&amp;apos;, os.name: &amp;apos;Mac OS X&amp;apos;, os.arch: &amp;apos;x86_64&amp;apos;, os.version: &amp;apos;10.11.6&amp;apos;, java.version: &amp;apos;1.8.0_161&amp;apos;
Driver info: driver.version: SharedDriver">
      <![CDATA[cucumber.runtime.CucumberException: org.openqa.selenium.NoSuchElementException: Can't locate an element by this strategy: Locator map: 
- native content: "By.xpath: (//XCUIElementTypeOther[@name="TabBarItem_AccessibilityLabel"])[4]" 
- html content: "by id or name "profile""
For documentation on this error, please visit: http://seleniumhq.org/exceptions/no_such_element.html
Build info: version: '2.53.0', revision: '35ae25b1534ae328c771e0856c93e187490ca824', time: '2016-03-15 10:43:46'
System info: host: 'ind126.local', ip: '10.2.6.73', os.name: 'Mac OS X', os.arch: 'x86_64', os.version: '10.11.6', java.version: '1.8.0_161'
Driver info: driver.version: SharedDriver
	at cucumber.api.testng.TestNGCucumberRunner.runCucumber(TestNGCucumberRunner.java:69)
	at cucumber.api.testng.AbstractTestNGCucumberTests.feature(AbstractTestNGCucumberTests.java:21)
Caused by: org.openqa.selenium.NoSuchElementException: Can't locate an element by this strategy: Locator map: 
- native content: "By.xpath: (//XCUIElementTypeOther[@name="TabBarItem_AccessibilityLabel"])[4]" 
- html content: "by id or name "profile""
For documentation on this error, please visit: http://seleniumhq.org/exceptions/no_such_element.html
Build info: version: '2.53.0', revision: '35ae25b1534ae328c771e0856c93e187490ca824', time: '2016-03-15 10:43:46'
System info: host: 'ind126.local', ip: '10.2.6.73', os.name: 'Mac OS X', os.arch: 'x86_64', os.version: '10.11.6', java.version: '1.8.0_161'
Driver info: driver.version: SharedDriver
	at io.appium.java_client.pagefactory.AppiumElementLocator.findElement(AppiumElementLocator.java:110)
	at io.appium.java_client.pagefactory.interceptors.InterceptorOfASingleElement.intercept(InterceptorOfASingleElement.java:57)
	at io.appium.java_client.ios.IOSElement$$EnhancerByCGLIB$$184e91dc.toString(<generated>)
	at java.lang.String.valueOf(String.java:2994)
	at java.lang.StringBuilder.append(StringBuilder.java:131)
	at com.quickee.driver.SharedDriver.waitUntilClickable(SharedDriver.java:159)
	at com.quickee.driver.SharedDriver.click(SharedDriver.java:75)
	at com.quickee.screens.LatestQuickeesScreen.clickProfileTab(LatestQuickeesScreen.java:52)
	at com.quickee.steps.LoginSteps.goToProfile(LoginSteps.java:41)
	at ✽.And Click on Profile link from Latest Quickees Screen(Login.feature:12)
... Removed 28 stack frames]]>
    </failure>
  </testcase> <!-- feature -->
  <testcase name="feature" time="18.609" classname="cucumber.api.testng.AbstractTestNGCucumberTests">
    <failure type="cucumber.runtime.CucumberException" message="org.openqa.selenium.NoSuchElementException: Can&amp;apos;t locate an element by this strategy: Locator map: 
- native content: &amp;quot;By.id: Login&amp;quot; 
- html content: &amp;quot;by id or name &amp;quot;login&amp;quot;&amp;quot;
For documentation on this error, please visit: http://seleniumhq.org/exceptions/no_such_element.html
Build info: version: &amp;apos;2.53.0&amp;apos;, revision: &amp;apos;35ae25b1534ae328c771e0856c93e187490ca824&amp;apos;, time: &amp;apos;2016-03-15 10:43:46&amp;apos;
System info: host: &amp;apos;ind126.local&amp;apos;, ip: &amp;apos;10.2.6.73&amp;apos;, os.name: &amp;apos;Mac OS X&amp;apos;, os.arch: &amp;apos;x86_64&amp;apos;, os.version: &amp;apos;10.11.6&amp;apos;, java.version: &amp;apos;1.8.0_161&amp;apos;
Driver info: driver.version: SharedDriver">
      <![CDATA[cucumber.runtime.CucumberException: org.openqa.selenium.NoSuchElementException: Can't locate an element by this strategy: Locator map: 
- native content: "By.id: Login" 
- html content: "by id or name "login""
For documentation on this error, please visit: http://seleniumhq.org/exceptions/no_such_element.html
Build info: version: '2.53.0', revision: '35ae25b1534ae328c771e0856c93e187490ca824', time: '2016-03-15 10:43:46'
System info: host: 'ind126.local', ip: '10.2.6.73', os.name: 'Mac OS X', os.arch: 'x86_64', os.version: '10.11.6', java.version: '1.8.0_161'
Driver info: driver.version: SharedDriver
	at cucumber.api.testng.TestNGCucumberRunner.runCucumber(TestNGCucumberRunner.java:69)
	at cucumber.api.testng.AbstractTestNGCucumberTests.feature(AbstractTestNGCucumberTests.java:21)
Caused by: org.openqa.selenium.NoSuchElementException: Can't locate an element by this strategy: Locator map: 
- native content: "By.id: Login" 
- html content: "by id or name "login""
For documentation on this error, please visit: http://seleniumhq.org/exceptions/no_such_element.html
Build info: version: '2.53.0', revision: '35ae25b1534ae328c771e0856c93e187490ca824', time: '2016-03-15 10:43:46'
System info: host: 'ind126.local', ip: '10.2.6.73', os.name: 'Mac OS X', os.arch: 'x86_64', os.version: '10.11.6', java.version: '1.8.0_161'
Driver info: driver.version: SharedDriver
	at io.appium.java_client.pagefactory.AppiumElementLocator.findElement(AppiumElementLocator.java:110)
	at io.appium.java_client.pagefactory.interceptors.InterceptorOfASingleElement.intercept(InterceptorOfASingleElement.java:57)
	at io.appium.java_client.ios.IOSElement$$EnhancerByCGLIB$$184e91dc.toString(<generated>)
	at java.lang.String.valueOf(String.java:2994)
	at java.lang.StringBuilder.append(StringBuilder.java:131)
	at com.quickee.driver.SharedDriver.waitUntilClickable(SharedDriver.java:159)
	at com.quickee.driver.SharedDriver.click(SharedDriver.java:75)
	at com.quickee.screens.GetStartedScreen.goToLoginScreen(GetStartedScreen.java:50)
	at com.quickee.steps.LoginSteps.goToLoginScreen(LoginSteps.java:25)
	at ✽.Given Click on Login link on Get Started Screen(SelectProfilePicture.feature:10)
... Removed 28 stack frames]]>
    </failure>
  </testcase> <!-- feature -->
</testsuite> <!-- Test -->
